ATTEMPT 1/4
PROMPT:
Return ONLY strict JSON object. No extra words. Schema: {"data":[{"timestamp_sec":number,"duration_sec":number,"original_prompt":string}]}. Each event must contain concrete numeric timestamp_sec and duration_sec values. Use acoustic wording only and chronological ordering. Video log:
[0.0s] Describe only sound-relevant events and materials in this frame for Foley design. Keep it concise.
[0.02s] Describe only sound-relevant events and materials in this frame for Foley design. Keep it concise.
[4.17s] Describe only sound-relevant events and materials in this frame for Foley design. Keep it concise.
[6.21s] Describe only sound-relevant events and materials in this frame for Foley design. Keep it concise.
[7.44s] Describe only sound-relevant events and materials in this frame for Foley design. Keep it concise.
[9.78s] Describe only sound-relevant events and materials in this frame for Foley design. Keep it concise.
[13.08s] Describe only sound-relevant events and materials in this frame for Foley design. Keep it concise.

RAW:
[['']
--------------------------------------------------------------------------------
PARSE_ERROR: Expecting ',' delimiter: line 1 column 6 (char 5)
--------------------------------------------------------------------------------
ATTEMPT 2/4
PROMPT:
Return ONLY strict JSON object. No extra words. Schema: {"data":[{"timestamp_sec":number,"duration_sec":number,"original_prompt":string}]}. Each event must contain concrete numeric timestamp_sec and duration_sec values. Use acoustic wording only and chronological ordering. Video log:
[0.0s] Describe only sound-relevant events and materials in this frame for Foley design. Keep it concise.
[0.02s] Describe only sound-relevant events and materials in this frame for Foley design. Keep it concise.
[4.17s] Describe only sound-relevant events and materials in this frame for Foley design. Keep it concise.
[6.21s] Describe only sound-relevant events and materials in this frame for Foley design. Keep it concise.
[7.44s] Describe only sound-relevant events and materials in this frame for Foley design. Keep it concise.
[9.78s] Describe only sound-relevant events and materials in this frame for Foley design. Keep it concise.
[13.08s] Describe only sound-relevant events and materials in this frame for Foley design. Keep it concise.
Previous output was invalid. Do not output schema templates like timestamp:number. Output one JSON object only with top-level key "data" and real values.

RAW:
"data":["timestamp_sec":number,"duration_sec":number,"original_prompt":string]
--------------------------------------------------------------------------------
PARSE_ERROR: Expecting ',' delimiter: line 1 column 25 (char 24)
--------------------------------------------------------------------------------
ATTEMPT 3/4
PROMPT:
Return ONLY strict JSON object. No extra words. Schema: {"data":[{"timestamp_sec":number,"duration_sec":number,"original_prompt":string}]}. Each event must contain concrete numeric timestamp_sec and duration_sec values. Use acoustic wording only and chronological ordering. Video log:
[0.0s] Describe only sound-relevant events and materials in this frame for Foley design. Keep it concise.
[0.02s] Describe only sound-relevant events and materials in this frame for Foley design. Keep it concise.
[4.17s] Describe only sound-relevant events and materials in this frame for Foley design. Keep it concise.
[6.21s] Describe only sound-relevant events and materials in this frame for Foley design. Keep it concise.
[7.44s] Describe only sound-relevant events and materials in this frame for Foley design. Keep it concise.
[9.78s] Describe only sound-relevant events and materials in this frame for Foley design. Keep it concise.
[13.08s] Describe only sound-relevant events and materials in this frame for Foley design. Keep it concise.
Previous output was invalid. Do not output schema templates like timestamp:number. Output one JSON object only with top-level key "data" and real values.

RAW:
"data":["timestamp_sec":number,"duration_sec":number,"original_prompt":string]
--------------------------------------------------------------------------------
PARSE_ERROR: Expecting ',' delimiter: line 1 column 25 (char 24)
--------------------------------------------------------------------------------
ATTEMPT 4/4
PROMPT:
Return ONLY strict JSON object. No extra words. Schema: {"data":[{"timestamp_sec":number,"duration_sec":number,"original_prompt":string}]}. Each event must contain concrete numeric timestamp_sec and duration_sec values. Use acoustic wording only and chronological ordering. Video log:
[0.0s] Describe only sound-relevant events and materials in this frame for Foley design. Keep it concise.
[0.02s] Describe only sound-relevant events and materials in this frame for Foley design. Keep it concise.
[4.17s] Describe only sound-relevant events and materials in this frame for Foley design. Keep it concise.
[6.21s] Describe only sound-relevant events and materials in this frame for Foley design. Keep it concise.
[7.44s] Describe only sound-relevant events and materials in this frame for Foley design. Keep it concise.
[9.78s] Describe only sound-relevant events and materials in this frame for Foley design. Keep it concise.
[13.08s] Describe only sound-relevant events and materials in this frame for Foley design. Keep it concise.
Previous output was invalid. Do not output schema templates like timestamp:number. Output one JSON object only with top-level key "data" and real values.

RAW:
"data":["timestamp_sec":number,"duration_sec":number,"original_prompt":string]
--------------------------------------------------------------------------------
PARSE_ERROR: Expecting ',' delimiter: line 1 column 25 (char 24)
--------------------------------------------------------------------------------
ATTEMPT 1/4
PROMPT:
Return ONLY strict JSON object. No extra words. Schema: {"data":[{"timestamp_sec":number,"duration_sec":number,"original_prompt":string}]}. Each event must contain concrete numeric timestamp_sec and duration_sec values. Use acoustic wording only and chronological ordering. Video log:
[0.0s] Describe only sound-relevant events and materials in this frame for Foley design. Keep it concise.
[0.02s] Describe only sound-relevant events and materials in this frame for Foley design. Keep it concise.
[4.17s] Describe only sound-relevant events and materials in this frame for Foley design. Keep it concise.
[6.21s] Describe only sound-relevant events and materials in this frame for Foley design. Keep it concise.
[7.44s] Describe only sound-relevant events and materials in this frame for Foley design. Keep it concise.
[9.78s] Describe only sound-relevant events and materials in this frame for Foley design. Keep it concise.
[13.08s] Describe only sound-relevant events and materials in this frame for Foley design. Keep it concise.

RAW:
[['']
--------------------------------------------------------------------------------
PARSE_ERROR: Expecting ',' delimiter: line 1 column 6 (char 5)
--------------------------------------------------------------------------------
ATTEMPT 2/4
PROMPT:
Return ONLY strict JSON object. No extra words. Schema: {"data":[{"timestamp_sec":number,"duration_sec":number,"original_prompt":string}]}. Each event must contain concrete numeric timestamp_sec and duration_sec values. Use acoustic wording only and chronological ordering. Video log:
[0.0s] Describe only sound-relevant events and materials in this frame for Foley design. Keep it concise.
[0.02s] Describe only sound-relevant events and materials in this frame for Foley design. Keep it concise.
[4.17s] Describe only sound-relevant events and materials in this frame for Foley design. Keep it concise.
[6.21s] Describe only sound-relevant events and materials in this frame for Foley design. Keep it concise.
[7.44s] Describe only sound-relevant events and materials in this frame for Foley design. Keep it concise.
[9.78s] Describe only sound-relevant events and materials in this frame for Foley design. Keep it concise.
[13.08s] Describe only sound-relevant events and materials in this frame for Foley design. Keep it concise.
Previous output was invalid. Do not output schema templates like timestamp:number. Output one JSON object only with top-level key "data" and real values.

RAW:
"data":["timestamp_sec":number,"duration_sec":number,"original_prompt":string]
--------------------------------------------------------------------------------
PARSE_ERROR: Expecting ',' delimiter: line 1 column 25 (char 24)
--------------------------------------------------------------------------------
ATTEMPT 3/4
PROMPT:
Return ONLY strict JSON object. No extra words. Schema: {"data":[{"timestamp_sec":number,"duration_sec":number,"original_prompt":string}]}. Each event must contain concrete numeric timestamp_sec and duration_sec values. Use acoustic wording only and chronological ordering. Video log:
[0.0s] Describe only sound-relevant events and materials in this frame for Foley design. Keep it concise.
[0.02s] Describe only sound-relevant events and materials in this frame for Foley design. Keep it concise.
[4.17s] Describe only sound-relevant events and materials in this frame for Foley design. Keep it concise.
[6.21s] Describe only sound-relevant events and materials in this frame for Foley design. Keep it concise.
[7.44s] Describe only sound-relevant events and materials in this frame for Foley design. Keep it concise.
[9.78s] Describe only sound-relevant events and materials in this frame for Foley design. Keep it concise.
[13.08s] Describe only sound-relevant events and materials in this frame for Foley design. Keep it concise.
Previous output was invalid. Do not output schema templates like timestamp:number. Output one JSON object only with top-level key "data" and real values.

RAW:
"data":["timestamp_sec":number,"duration_sec":number,"original_prompt":string]
--------------------------------------------------------------------------------
PARSE_ERROR: Expecting ',' delimiter: line 1 column 25 (char 24)
--------------------------------------------------------------------------------
ATTEMPT 4/4
PROMPT:
Return ONLY strict JSON object. No extra words. Schema: {"data":[{"timestamp_sec":number,"duration_sec":number,"original_prompt":string}]}. Each event must contain concrete numeric timestamp_sec and duration_sec values. Use acoustic wording only and chronological ordering. Video log:
[0.0s] Describe only sound-relevant events and materials in this frame for Foley design. Keep it concise.
[0.02s] Describe only sound-relevant events and materials in this frame for Foley design. Keep it concise.
[4.17s] Describe only sound-relevant events and materials in this frame for Foley design. Keep it concise.
[6.21s] Describe only sound-relevant events and materials in this frame for Foley design. Keep it concise.
[7.44s] Describe only sound-relevant events and materials in this frame for Foley design. Keep it concise.
[9.78s] Describe only sound-relevant events and materials in this frame for Foley design. Keep it concise.
[13.08s] Describe only sound-relevant events and materials in this frame for Foley design. Keep it concise.
Previous output was invalid. Do not output schema templates like timestamp:number. Output one JSON object only with top-level key "data" and real values.

RAW:
"data":["timestamp_sec":number,"duration_sec":number,"original_prompt":string]
--------------------------------------------------------------------------------
PARSE_ERROR: Expecting ',' delimiter: line 1 column 25 (char 24)
--------------------------------------------------------------------------------
ATTEMPT 1/4
PROMPT:
Return ONLY strict JSON object. No extra words. Schema: {"data":[{"timestamp_sec":number,"duration_sec":number,"original_prompt":string}]}. Each event must contain concrete numeric timestamp_sec and duration_sec values. Use acoustic wording only and chronological ordering. Video log:
[0.0s] Describe only sound-relevant events and materials in this frame for Foley design. Keep it concise.
[0.02s] Describe only sound-relevant events and materials in this frame for Foley design. Keep it concise.
[4.17s] Describe only sound-relevant events and materials in this frame for Foley design. Keep it concise.
[6.21s] Describe only sound-relevant events and materials in this frame for Foley design. Keep it concise.
[7.44s] Describe only sound-relevant events and materials in this frame for Foley design. Keep it concise.
[9.78s] Describe only sound-relevant events and materials in this frame for Foley design. Keep it concise.
[13.08s] Describe only sound-relevant events and materials in this frame for Foley design. Keep it concise.

RAW:
[['']
--------------------------------------------------------------------------------
PARSE_ERROR: Expecting ',' delimiter: line 1 column 6 (char 5)
--------------------------------------------------------------------------------
