FALLBACK_FROM_VLM_LOG
[
  {
    "timestamp_sec": 0.0,
    "duration_sec": 2.0,
    "original_prompt": "Describe only sound-relevant events and materials in this frame for Foley design. Keep it concise.",
    "refined_prompt": "",
    "audio_file_path": null,
    "similarity_score": 0.0
  },
  {
    "timestamp_sec": 0.02,
    "duration_sec": 2.0,
    "original_prompt": "Describe only sound-relevant events and materials in this frame for Foley design. Keep it concise.",
    "refined_prompt": "",
    "audio_file_path": null,
    "similarity_score": 0.0
  },
  {
    "timestamp_sec": 4.17,
    "duration_sec": 2.0,
    "original_prompt": "Describe only sound-relevant events and materials in this frame for Foley design. Keep it concise.",
    "refined_prompt": "",
    "audio_file_path": null,
    "similarity_score": 0.0
  },
  {
    "timestamp_sec": 6.21,
    "duration_sec": 2.0,
    "original_prompt": "Describe only sound-relevant events and materials in this frame for Foley design. Keep it concise.",
    "refined_prompt": "",
    "audio_file_path": null,
    "similarity_score": 0.0
  },
  {
    "timestamp_sec": 7.44,
    "duration_sec": 2.0,
    "original_prompt": "Describe only sound-relevant events and materials in this frame for Foley design. Keep it concise.",
    "refined_prompt": "",
    "audio_file_path": null,
    "similarity_score": 0.0
  },
  {
    "timestamp_sec": 9.78,
    "duration_sec": 2.0,
    "original_prompt": "Describe only sound-relevant events and materials in this frame for Foley design. Keep it concise.",
    "refined_prompt": "",
    "audio_file_path": null,
    "similarity_score": 0.0
  },
  {
    "timestamp_sec": 13.08,
    "duration_sec": 2.0,
    "original_prompt": "Describe only sound-relevant events and materials in this frame for Foley design. Keep it concise.",
    "refined_prompt": "",
    "audio_file_path": null,
    "similarity_score": 0.0
  }
]
--------------------------------------------------------------------------------
FALLBACK_FROM_VLM_LOG
[
  {
    "timestamp_sec": 0.0,
    "duration_sec": 2.0,
    "original_prompt": "Describe only sound-relevant events and materials in this frame for Foley design. Keep it concise.",
    "refined_prompt": "",
    "audio_file_path": null,
    "similarity_score": 0.0
  },
  {
    "timestamp_sec": 0.02,
    "duration_sec": 2.0,
    "original_prompt": "Describe only sound-relevant events and materials in this frame for Foley design. Keep it concise.",
    "refined_prompt": "",
    "audio_file_path": null,
    "similarity_score": 0.0
  },
  {
    "timestamp_sec": 4.17,
    "duration_sec": 2.0,
    "original_prompt": "Describe only sound-relevant events and materials in this frame for Foley design. Keep it concise.",
    "refined_prompt": "",
    "audio_file_path": null,
    "similarity_score": 0.0
  },
  {
    "timestamp_sec": 6.21,
    "duration_sec": 2.0,
    "original_prompt": "Describe only sound-relevant events and materials in this frame for Foley design. Keep it concise.",
    "refined_prompt": "",
    "audio_file_path": null,
    "similarity_score": 0.0
  },
  {
    "timestamp_sec": 7.44,
    "duration_sec": 2.0,
    "original_prompt": "Describe only sound-relevant events and materials in this frame for Foley design. Keep it concise.",
    "refined_prompt": "",
    "audio_file_path": null,
    "similarity_score": 0.0
  },
  {
    "timestamp_sec": 9.78,
    "duration_sec": 2.0,
    "original_prompt": "Describe only sound-relevant events and materials in this frame for Foley design. Keep it concise.",
    "refined_prompt": "",
    "audio_file_path": null,
    "similarity_score": 0.0
  },
  {
    "timestamp_sec": 13.08,
    "duration_sec": 2.0,
    "original_prompt": "Describe only sound-relevant events and materials in this frame for Foley design. Keep it concise.",
    "refined_prompt": "",
    "audio_file_path": null,
    "similarity_score": 0.0
  }
]
--------------------------------------------------------------------------------
